<?xml version="1.0" encoding="UTF-8" standalone="no"?>
<testsuite failures="1" name="cucumber.runtime.formatter.JUnitFormatter" skipped="0" tests="1" time="0">
<testcase classname="Login" name="User is unable to login with wrong credentials" time="0">
<failure message="The scenario has pending or undefined step(s)"><![CDATA[Given User goes to login page...............................................undefined
When I enter username as "Gabriel200".......................................undefined
And I enter password as "AnyText"...........................................undefined
And I click 'Sign In'.......................................................undefined
Then Login should fail......................................................undefined
]]></failure>
</testcase>
</testsuite>
